# Logfile created on 2023-05-20 04:03:46 +0000 by logger.rb/v1.5.0
[2023/05/20 04:15:40.772361] (pid=7) DEBUG -- :   [1m[36mActiveRecord::SchemaMigration Pluck (0.8ms)[0m  [1m[34mSELECT `schema_migrations`.`version` FROM `schema_migrations` ORDER BY `schema_migrations`.`version` ASC[0m
[2023/05/20 04:15:40.794909] (pid=7) DEBUG -- :   [1m[36mActiveRecord::SchemaMigration Pluck (0.5ms)[0m  [1m[34mSELECT `schema_migrations`.`version` FROM `schema_migrations` ORDER BY `schema_migrations`.`version` ASC[0m
[2023/05/20 04:17:36.507094] (pid=10) DEBUG -- :   [1m[35m (1.3ms)[0m  [1m[34mSELECT GET_LOCK('1971477899418863325', 0)[0m
[2023/05/20 04:17:36.522862] (pid=10) DEBUG -- :   [1m[36mActiveRecord::SchemaMigration Pluck (2.9ms)[0m  [1m[34mSELECT `schema_migrations`.`version` FROM `schema_migrations` ORDER BY `schema_migrations`.`version` ASC[0m
[2023/05/20 04:17:36.538409] (pid=10) DEBUG -- :   [1m[36mActiveRecord::InternalMetadata Load (4.4ms)[0m  [1m[34mSELECT `ar_internal_metadata`.* FROM `ar_internal_metadata` WHERE `ar_internal_metadata`.`key` = 'environment' LIMIT 1[0m
[2023/05/20 04:17:36.550193] (pid=10) DEBUG -- :   [1m[35m (0.9ms)[0m  [1m[34mSELECT RELEASE_LOCK('1971477899418863325')[0m
[2023/05/20 04:17:36.666750] (pid=10) DEBUG -- :   [1m[36mActiveRecord::SchemaMigration Pluck (0.9ms)[0m  [1m[34mSELECT `schema_migrations`.`version` FROM `schema_migrations` ORDER BY `schema_migrations`.`version` ASC[0m
[2023/05/20 04:17:59.505180] (pid=14) DEBUG -- :   [1m[36mActiveRecord::InternalMetadata Pluck (4.3ms)[0m  [1m[34mSELECT `ar_internal_metadata`.`value` FROM `ar_internal_metadata` WHERE `ar_internal_metadata`.`key` = 'schema_sha1' LIMIT 1[0m
[2023/05/20 04:18:01.620561] (pid=17) DEBUG -- :   [1m[36mActiveRecord::SchemaMigration Pluck (0.6ms)[0m  [1m[34mSELECT `schema_migrations`.`version` FROM `schema_migrations` ORDER BY `schema_migrations`.`version` ASC[0m
[2023/05/20 04:18:01.628230] (pid=17) DEBUG -- :   [1m[36mActiveRecord::InternalMetadata Pluck (0.8ms)[0m  [1m[34mSELECT `ar_internal_metadata`.`value` FROM `ar_internal_metadata` WHERE `ar_internal_metadata`.`key` = 'environment' LIMIT 1[0m
[2023/05/20 04:18:01.630203] (pid=17) DEBUG -- :   [1m[36mActiveRecord::SchemaMigration Pluck (0.4ms)[0m  [1m[34mSELECT `schema_migrations`.`version` FROM `schema_migrations` ORDER BY `schema_migrations`.`version` ASC[0m
[2023/05/20 04:18:01.631232] (pid=17) DEBUG -- :   [1m[36mActiveRecord::InternalMetadata Pluck (0.4ms)[0m  [1m[34mSELECT `ar_internal_metadata`.`value` FROM `ar_internal_metadata` WHERE `ar_internal_metadata`.`key` = 'environment' LIMIT 1[0m
[2023/05/20 04:18:01.632813] (pid=17) DEBUG -- :   [1m[36mActiveRecord::SchemaMigration Pluck (0.3ms)[0m  [1m[34mSELECT `schema_migrations`.`version` FROM `schema_migrations` ORDER BY `schema_migrations`.`version` ASC[0m
[2023/05/20 04:18:01.633785] (pid=17) DEBUG -- :   [1m[36mActiveRecord::InternalMetadata Pluck (0.4ms)[0m  [1m[34mSELECT `ar_internal_metadata`.`value` FROM `ar_internal_metadata` WHERE `ar_internal_metadata`.`key` = 'environment' LIMIT 1[0m
[2023/05/20 04:18:01.690119] (pid=17) DEBUG -- :   [1m[35m (51.7ms)[0m  [1m[35mDROP DATABASE IF EXISTS `makelead_test`[0m
[2023/05/20 04:18:01.694243] (pid=17) DEBUG -- :   [1m[35m (3.8ms)[0m  [1m[35mCREATE DATABASE `makelead_test` DEFAULT CHARACTER SET `utf8mb4`[0m
[2023/05/20 04:18:01.861394] (pid=17) DEBUG -- :   [1m[36mActiveRecord::InternalMetadata Load (2.2ms)[0m  [1m[34mSELECT `ar_internal_metadata`.* FROM `ar_internal_metadata` WHERE `ar_internal_metadata`.`key` = 'environment' LIMIT 1[0m
[2023/05/20 04:18:01.868696] (pid=17) DEBUG -- :   [1m[36mTRANSACTION (0.4ms)[0m  [1m[35mBEGIN[0m
[2023/05/20 04:18:01.870056] (pid=17) DEBUG -- :   [1m[36mActiveRecord::InternalMetadata Create (1.0ms)[0m  [1m[32mINSERT INTO `ar_internal_metadata` (`key`, `value`, `created_at`, `updated_at`) VALUES ('environment', 'test', '2023-05-20 04:18:01.867599', '2023-05-20 04:18:01.867599')[0m
[2023/05/20 04:18:01.871219] (pid=17) DEBUG -- :   [1m[36mTRANSACTION (0.7ms)[0m  [1m[35mCOMMIT[0m
[2023/05/20 04:18:01.873175] (pid=17) DEBUG -- :   [1m[36mActiveRecord::InternalMetadata Load (0.6ms)[0m  [1m[34mSELECT `ar_internal_metadata`.* FROM `ar_internal_metadata` WHERE `ar_internal_metadata`.`key` = 'schema_sha1' LIMIT 1[0m
[2023/05/20 04:18:01.873978] (pid=17) DEBUG -- :   [1m[36mTRANSACTION (0.1ms)[0m  [1m[35mBEGIN[0m
[2023/05/20 04:18:01.874737] (pid=17) DEBUG -- :   [1m[36mActiveRecord::InternalMetadata Create (0.5ms)[0m  [1m[32mINSERT INTO `ar_internal_metadata` (`key`, `value`, `created_at`, `updated_at`) VALUES ('schema_sha1', 'abc10939dd74b9e256ea3143e4a218fd9c045ffe', '2023-05-20 04:18:01.873603', '2023-05-20 04:18:01.873603')[0m
[2023/05/20 04:18:01.875853] (pid=17) DEBUG -- :   [1m[36mTRANSACTION (0.7ms)[0m  [1m[35mCOMMIT[0m
[2023/05/20 04:18:01.910830] (pid=14) DEBUG -- :   [1m[36mActiveRecord::SchemaMigration Pluck (0.5ms)[0m  [1m[34mSELECT `schema_migrations`.`version` FROM `schema_migrations` ORDER BY `schema_migrations`.`version` ASC[0m
[2023/05/20 04:22:20.832126] (pid=21) DEBUG -- :   [1m[36mActiveRecord::InternalMetadata Pluck (0.9ms)[0m  [1m[34mSELECT `ar_internal_metadata`.`value` FROM `ar_internal_metadata` WHERE `ar_internal_metadata`.`key` = 'schema_sha1' LIMIT 1[0m
[2023/05/20 04:22:20.841026] (pid=21) DEBUG -- :   [1m[36mActiveRecord::SchemaMigration Pluck (0.5ms)[0m  [1m[34mSELECT `schema_migrations`.`version` FROM `schema_migrations` ORDER BY `schema_migrations`.`version` ASC[0m
[2023/05/20 04:26:47.280465] (pid=7) DEBUG -- :   [1m[36mActiveRecord::InternalMetadata Pluck (1.0ms)[0m  [1m[34mSELECT `ar_internal_metadata`.`value` FROM `ar_internal_metadata` WHERE `ar_internal_metadata`.`key` = 'schema_sha1' LIMIT 1[0m
[2023/05/20 04:26:47.298377] (pid=7) DEBUG -- :   [1m[36mActiveRecord::SchemaMigration Pluck (0.5ms)[0m  [1m[34mSELECT `schema_migrations`.`version` FROM `schema_migrations` ORDER BY `schema_migrations`.`version` ASC[0m
[2023/05/20 04:26:47.326552] (pid=7) DEBUG -- :   [1m[35m (0.6ms)[0m  [1m[34mSELECT @@FOREIGN_KEY_CHECKS[0m
[2023/05/20 04:26:47.327146] (pid=7) DEBUG -- :   [1m[35m (0.2ms)[0m  [1m[35mSET FOREIGN_KEY_CHECKS = 0[0m
[2023/05/20 04:26:47.334152] (pid=7) DEBUG -- :   [1m[35m (1.7ms)[0m  [1m[34mselect table_name from information_schema.views where table_schema = 'makelead_test'[0m
[2023/05/20 04:26:47.354717] (pid=7) DEBUG -- :   [1m[35m (20.1ms)[0m  [1m[35mTRUNCATE TABLE `registration_tokens`[0m
[2023/05/20 04:26:47.365428] (pid=7) DEBUG -- :   [1m[35m (10.3ms)[0m  [1m[35mTRUNCATE TABLE `users`[0m
[2023/05/20 04:26:47.366031] (pid=7) DEBUG -- :   [1m[35m (0.2ms)[0m  [1m[35mSET FOREIGN_KEY_CHECKS = 1[0m
[2023/05/20 04:26:47.371054] (pid=7) DEBUG -- :   [1m[36mTRANSACTION (0.2ms)[0m  [1m[35mBEGIN[0m
[2023/05/20 04:26:47.371865] (pid=7) DEBUG -- :   [1m[35m (0.3ms)[0m  [1m[34mSELECT @@FOREIGN_KEY_CHECKS[0m
[2023/05/20 04:26:47.372345] (pid=7) DEBUG -- :   [1m[35m (0.2ms)[0m  [1m[35mSET FOREIGN_KEY_CHECKS = 0[0m
[2023/05/20 04:26:47.375432] (pid=7) DEBUG -- :   [1m[35m (1.4ms)[0m  [1m[34mselect table_name from information_schema.views where table_schema = 'makelead_test'[0m
[2023/05/20 04:26:47.384747] (pid=7) DEBUG -- :   [1m[35m (8.9ms)[0m  [1m[35mTRUNCATE TABLE `registration_tokens`[0m
[2023/05/20 04:26:47.394481] (pid=7) DEBUG -- :   [1m[35m (9.4ms)[0m  [1m[35mTRUNCATE TABLE `users`[0m
[2023/05/20 04:26:47.395124] (pid=7) DEBUG -- :   [1m[35m (0.2ms)[0m  [1m[35mSET FOREIGN_KEY_CHECKS = 1[0m
[2023/05/20 04:26:47.476908] (pid=7) DEBUG -- :   [1m[36mTRANSACTION (0.5ms)[0m  [1m[31mROLLBACK[0m
[2023/05/20 04:37:31.279423] (pid=1) DEBUG -- :   [1m[36mActiveRecord::InternalMetadata Pluck (1.0ms)[0m  [1m[34mSELECT `ar_internal_metadata`.`value` FROM `ar_internal_metadata` WHERE `ar_internal_metadata`.`key` = 'schema_sha1' LIMIT 1[0m
[2023/05/20 04:37:31.298298] (pid=1) DEBUG -- :   [1m[36mActiveRecord::SchemaMigration Pluck (0.6ms)[0m  [1m[34mSELECT `schema_migrations`.`version` FROM `schema_migrations` ORDER BY `schema_migrations`.`version` ASC[0m
[2023/05/20 04:37:31.319182] (pid=1) DEBUG -- :   [1m[35m (0.5ms)[0m  [1m[34mSELECT @@FOREIGN_KEY_CHECKS[0m
[2023/05/20 04:37:31.319820] (pid=1) DEBUG -- :   [1m[35m (0.2ms)[0m  [1m[35mSET FOREIGN_KEY_CHECKS = 0[0m
[2023/05/20 04:37:31.323048] (pid=1) DEBUG -- :   [1m[35m (1.3ms)[0m  [1m[34mselect table_name from information_schema.views where table_schema = 'makelead_test'[0m
[2023/05/20 04:37:31.336342] (pid=1) DEBUG -- :   [1m[35m (12.8ms)[0m  [1m[35mTRUNCATE TABLE `registration_tokens`[0m
[2023/05/20 04:37:31.348624] (pid=1) DEBUG -- :   [1m[35m (11.9ms)[0m  [1m[35mTRUNCATE TABLE `users`[0m
[2023/05/20 04:37:31.349272] (pid=1) DEBUG -- :   [1m[35m (0.3ms)[0m  [1m[35mSET FOREIGN_KEY_CHECKS = 1[0m
[2023/05/20 04:37:31.354881] (pid=1) DEBUG -- :   [1m[36mTRANSACTION (0.2ms)[0m  [1m[35mBEGIN[0m
[2023/05/20 04:37:31.355667] (pid=1) DEBUG -- :   [1m[35m (0.3ms)[0m  [1m[34mSELECT @@FOREIGN_KEY_CHECKS[0m
[2023/05/20 04:37:31.356153] (pid=1) DEBUG -- :   [1m[35m (0.1ms)[0m  [1m[35mSET FOREIGN_KEY_CHECKS = 0[0m
[2023/05/20 04:37:31.359253] (pid=1) DEBUG -- :   [1m[35m (1.4ms)[0m  [1m[34mselect table_name from information_schema.views where table_schema = 'makelead_test'[0m
[2023/05/20 04:37:31.369408] (pid=1) DEBUG -- :   [1m[35m (9.7ms)[0m  [1m[35mTRUNCATE TABLE `registration_tokens`[0m
[2023/05/20 04:37:31.379193] (pid=1) DEBUG -- :   [1m[35m (9.4ms)[0m  [1m[35mTRUNCATE TABLE `users`[0m
[2023/05/20 04:37:31.379821] (pid=1) DEBUG -- :   [1m[35m (0.2ms)[0m  [1m[35mSET FOREIGN_KEY_CHECKS = 1[0m
[2023/05/20 04:37:31.459773] (pid=1) DEBUG -- :   [1m[36mTRANSACTION (0.3ms)[0m  [1m[31mROLLBACK[0m
[2023/05/20 04:37:56.976381] (pid=1) DEBUG -- :   [1m[36mActiveRecord::InternalMetadata Pluck (0.7ms)[0m  [1m[34mSELECT `ar_internal_metadata`.`value` FROM `ar_internal_metadata` WHERE `ar_internal_metadata`.`key` = 'schema_sha1' LIMIT 1[0m
[2023/05/20 04:37:56.988905] (pid=1) DEBUG -- :   [1m[36mActiveRecord::SchemaMigration Pluck (0.5ms)[0m  [1m[34mSELECT `schema_migrations`.`version` FROM `schema_migrations` ORDER BY `schema_migrations`.`version` ASC[0m
[2023/05/20 04:37:56.995415] (pid=1) DEBUG -- :   [1m[35m (0.3ms)[0m  [1m[34mSELECT @@FOREIGN_KEY_CHECKS[0m
[2023/05/20 04:37:56.995972] (pid=1) DEBUG -- :   [1m[35m (0.2ms)[0m  [1m[35mSET FOREIGN_KEY_CHECKS = 0[0m
[2023/05/20 04:37:56.999061] (pid=1) DEBUG -- :   [1m[35m (1.4ms)[0m  [1m[34mselect table_name from information_schema.views where table_schema = 'makelead_test'[0m
[2023/05/20 04:37:57.010540] (pid=1) DEBUG -- :   [1m[35m (11.0ms)[0m  [1m[35mTRUNCATE TABLE `registration_tokens`[0m
[2023/05/20 04:37:57.022035] (pid=1) DEBUG -- :   [1m[35m (10.9ms)[0m  [1m[35mTRUNCATE TABLE `users`[0m
[2023/05/20 04:37:57.022677] (pid=1) DEBUG -- :   [1m[35m (0.3ms)[0m  [1m[35mSET FOREIGN_KEY_CHECKS = 1[0m
[2023/05/20 04:37:57.025258] (pid=1) DEBUG -- :   [1m[36mTRANSACTION (0.2ms)[0m  [1m[35mBEGIN[0m
[2023/05/20 04:37:57.026036] (pid=1) DEBUG -- :   [1m[35m (0.3ms)[0m  [1m[34mSELECT @@FOREIGN_KEY_CHECKS[0m
[2023/05/20 04:37:57.026504] (pid=1) DEBUG -- :   [1m[35m (0.2ms)[0m  [1m[35mSET FOREIGN_KEY_CHECKS = 0[0m
[2023/05/20 04:37:57.030016] (pid=1) DEBUG -- :   [1m[35m (1.6ms)[0m  [1m[34mselect table_name from information_schema.views where table_schema = 'makelead_test'[0m
[2023/05/20 04:37:57.039771] (pid=1) DEBUG -- :   [1m[35m (9.3ms)[0m  [1m[35mTRUNCATE TABLE `registration_tokens`[0m
[2023/05/20 04:37:57.049888] (pid=1) DEBUG -- :   [1m[35m (9.7ms)[0m  [1m[35mTRUNCATE TABLE `users`[0m
[2023/05/20 04:37:57.050596] (pid=1) DEBUG -- :   [1m[35m (0.3ms)[0m  [1m[35mSET FOREIGN_KEY_CHECKS = 1[0m
[2023/05/20 04:37:57.080901] (pid=1) DEBUG -- :   [1m[36mTRANSACTION (0.3ms)[0m  [1m[31mROLLBACK[0m
